Arguments: 
  /usr/bin/node /usr/share/yarn/bin/yarn.js start

PATH: 
  /home/jeongtai/.local/bin:/usr/local/sbin:/usr/local/bin:/usr/sbin:/usr/bin:/sbin:/bin:/usr/games:/usr/local/games:/mnt/d/Miniconda3:/mnt/d/Miniconda3/Library/mingw-w64/bin:/mnt/d/Miniconda3/Library/usr/bin:/mnt/d/Miniconda3/Library/bin:/mnt/d/Miniconda3/Scripts:/mnt/c/Program Files (x86)/Common Files/Oracle/Java/javapath:/mnt/c/Program Files/Rockwell Software/RSCommon:/mnt/c/WINDOWS/system32:/mnt/c/WINDOWS:/mnt/c/WINDOWS/System32/Wbem:/mnt/c/WINDOWS/System32/WindowsPowerShell/v1.0/:/mnt/c/WINDOWS/System32/OpenSSH/:/mnt/c/Program Files/Git/cmd:/mnt/c/Program Files/nodejs/:/mnt/c/Program Files/Cloud Foundry:/mnt/c/Program Files/Java/jdk1.8.0_201/bin:/mnt/c/Program Files/Tesseract-OCR:/mnt/c/Users/Jeongtai/AppData/Local/Microsoft/WindowsApps:/mnt/c/Users/Jeongtai/AppData/Local/Programs/Microsoft VS Code/bin:/mnt/c/Users/Jeongtai/AppData/Roaming/npm:/mnt/c/Users/Jeongtai/AppData/Local/atom/bin:/mnt/c/Program Files/Tesseract-OCR:/mnt/c/Users/Jeongtai/AppData/Local/GitHubDesktop/bin:/snap/bin

Yarn version: 
  1.22.5

Node version: 
  10.19.0

Platform: 
  linux x64

Trace: 
  SyntaxError: /mnt/d/dev/Nomad_Typescript로 블록체인 만들기/package.json: Unexpected token / in JSON at position 238
      at JSON.parse (<anonymous>)
      at /usr/share/yarn/lib/cli.js:1625:59
      at Generator.next (<anonymous>)
      at step (/usr/share/yarn/lib/cli.js:310:30)
      at /usr/share/yarn/lib/cli.js:321:13

npm manifest: 
  {
    "name": "Typechain",
    "version": "1.0.0",
    "main": "index.js",
    "repository": "https://github.com/jeongtai/Typechain.git",
    "author": "jeongtai <zzze37@naver.com>",
    "license": "MIT",
    "scripts": {
      "start": "node index.js", // yarn start를 입력 -> node에서 index.js가 실행됨
      "prestart": "tsc"
    }
  }

yarn manifest: 
  No manifest

Lockfile: 
  # THIS IS AN AUTOGENERATED FILE. DO NOT EDIT THIS FILE DIRECTLY.
  # yarn lockfile v1
